2025-09-26 00:58:45,144 - INFO - MPI world size: 8
2025-09-26 00:58:45,144 - INFO - Loading dataset from: $data/output/split_data
2025-09-26 00:58:45,144 - INFO - file_by_rank: data/output/split_data/to_8/part_0.csv
2025-09-26 00:58:47,418 - INFO - [Rank 0] reads the CSV and keeps rows by rank took 2.2740 sec
2025-09-26 00:58:48,188 - INFO - Length train_local: $3240444 test_local: $1388762
2025-09-26 00:58:48,188 - INFO - [Rank 0] split_for_training took 0.7698 sec
2025-09-26 00:58:48,626 - INFO - [Rank 0] normalize_train_test took 0.3961 sec
2025-09-26 00:58:48,626 - INFO - broadcast stats, X_cols, target to all ranks
2025-09-26 00:58:48,884 - INFO - apply normalization parameters to local partitions
2025-09-26 00:58:49,200 - INFO - Prepare local arrays
2025-09-26 00:58:49,555 - INFO - N_train_local 3240444
2025-09-26 00:58:49,929 - INFO - Global train size: 25923545, local sizes: 3240444
2025-09-26 00:58:49,997 - INFO - ========== Epoch 0 START
2025-09-26 00:58:55,713 - INFO - [Rank 0] Iter   2500, epoch 0, local R(θ)=7.726701
2025-09-26 00:59:05,395 - INFO - [Rank 0] Iter   5000, epoch 0, local R(θ)=7.144239
2025-09-26 00:59:15,585 - INFO - [Rank 0] Iter   7500, epoch 0, local R(θ)=6.899632
2025-09-26 00:59:22,130 - INFO - [Rank 0] Iter  10000, epoch 0, local R(θ)=6.762194
2025-09-26 00:59:28,775 - INFO - [Rank 0] Iter  12500, epoch 0, local R(θ)=6.651569
2025-09-26 00:59:36,357 - INFO - [Rank 0] Iter  15000, epoch 0, local R(θ)=6.559647
2025-09-26 00:59:38,462 - INFO - [Rank 0] Iter  17500, epoch 0, local R(θ)=6.475804
2025-09-26 00:59:41,905 - INFO - [Rank 0] Iter  20000, epoch 0, local R(θ)=6.356507
2025-09-26 00:59:44,112 - INFO - [Rank 0] Iter  22500, epoch 0, local R(θ)=6.265049
2025-09-26 00:59:45,648 - INFO - [Rank 0] Iter  25000, epoch 0, local R(θ)=6.192487
2025-09-26 00:59:53,418 - INFO - Epoch 0 END, R(θ)=135.554304
2025-09-26 00:59:53,420 - INFO - [Rank 0] ========Training Loop===== took 63.4918 sec
2025-09-26 01:00:01,728 - INFO - 
Training finished
2025-09-26 01:00:01,737 - INFO - Namespace(data='data/output/split_data', epochs=1, batch_size=128, hidden=64, lr=0.002, activation='relu', seed=123, sync_every=0, print_every=2500, save_model='data/output/model/')
2025-09-26 01:00:01,737 - INFO - Epochs: 1, total iters: 25316
2025-09-26 01:00:01,737 - INFO - Training time (s): 63.493
2025-09-26 01:00:01,737 - INFO - RMSE train: 16.465376
2025-09-26 01:00:01,737 - INFO - RMSE test:  16.461931
2025-09-26 01:00:01,793 - INFO - Saved model to data/output/model/
2025-09-26 01:00:01,793 - INFO - [Rank 0] compute final RMSE on train and test in parallel took 8.3725 sec
2025-09-26 01:00:01,819 - INFO - 
Sample test predictions:
2025-09-26 01:00:01,822 - INFO - Features: [ 0.33675675 -0.047931    0.95787755  1.44044522 -0.43222795 -1.03536767
 -1.6781407  -0.4258944   2.86635465  0.22209333  1.6781407   0.50613722
 -0.49910154 -0.06728904  0.48432981 -0.44977276]
2025-09-26 01:00:01,823 - INFO -  Predicted total_amount: 15.02
2025-09-26 01:00:01,823 - INFO -  Actual total_amount:    31.56

2025-09-26 01:00:01,823 - INFO - Features: [-0.34680691 -0.83493607 -0.40495913  1.44044522 -0.43222795 -1.03536767
  0.59589741 -0.4258944  -0.34887507  0.22209333 -0.59589741  0.50613722
 -0.49910154 -0.06728904 -1.32605002  0.53209603]
2025-09-26 01:00:01,823 - INFO -  Predicted total_amount: 13.42
2025-09-26 01:00:01,823 - INFO -  Actual total_amount:    13.30

2025-09-26 01:00:01,823 - INFO - Features: [-0.4064467  -0.83493607 -0.59316674  1.44044522 -0.43222795 -1.03536767
  0.59589741 -0.4258944  -0.34887507  0.22209333 -0.59589741  0.50613722
 -0.49910154 -0.06728904  0.48432981 -0.44977276]
2025-09-26 01:00:01,824 - INFO -  Predicted total_amount: 13.63
2025-09-26 01:00:01,824 - INFO -  Actual total_amount:    13.56

2025-09-26 01:00:02,026 - INFO - [Rank 0] run training took 76.8835 sec
2025-09-26 01:00:02,028 - INFO - Saved training history.csv
