2025-09-27 21:40:20,477 - INFO - MPI world size: 8
2025-09-27 21:40:20,478 - INFO - Loading dataset from: $data/output/split_data
2025-09-27 21:40:20,478 - INFO - file_by_rank: data/output/split_data/to_8/part_0.csv
2025-09-27 21:40:22,791 - INFO - [Rank 0] reads the CSV and keeps rows by rank took 2.3133 sec
2025-09-27 21:40:23,562 - INFO - Length train_local: $3240444 test_local: $1388762
2025-09-27 21:40:23,562 - INFO - [Rank 0] split_for_training took 0.7706 sec
2025-09-27 21:40:24,009 - INFO - [Rank 0] normalize_train_test took 0.4059 sec
2025-09-27 21:40:24,009 - INFO - broadcast stats, X_cols, target to all ranks
2025-09-27 21:40:24,700 - INFO - apply normalization parameters to local partitions
2025-09-27 21:40:25,003 - INFO - Prepare local arrays
2025-09-27 21:40:25,371 - INFO - N_train_local 3240444
2025-09-27 21:40:25,624 - INFO - Global train size: 25923545, local sizes: 3240444
2025-09-27 21:40:25,690 - INFO - ========== Epoch 0 START
2025-09-27 21:40:37,319 - INFO - [Rank 0] Iter    310, epoch 0, local R(θ)=12.199092
2025-09-27 21:40:52,643 - INFO - [Rank 0] Iter    620, epoch 0, local R(θ)=10.087094
2025-09-27 21:41:01,327 - INFO - [Rank 0] Iter    930, epoch 0, local R(θ)=9.135259
2025-09-27 21:41:16,650 - INFO - [Rank 0] Iter   1240, epoch 0, local R(θ)=8.559051
2025-09-27 21:41:28,160 - INFO - [Rank 0] Iter   1550, epoch 0, local R(θ)=8.195326
2025-09-27 21:41:34,324 - INFO - [Rank 0] Iter   1860, epoch 0, local R(θ)=7.924100
2025-09-27 21:41:58,875 - INFO - [Rank 0] Iter   2170, epoch 0, local R(θ)=7.736059
2025-09-27 21:42:29,608 - INFO - [Rank 0] Iter   2480, epoch 0, local R(θ)=7.556971
2025-09-27 21:42:51,461 - INFO - [Rank 0] Iter   2790, epoch 0, local R(θ)=7.434162
2025-09-27 21:43:19,793 - INFO - [Rank 0] Iter   3100, epoch 0, local R(θ)=7.337446
2025-09-27 21:44:09,074 - INFO - Epoch 0 END, R(θ)=152.880429
2025-09-27 21:44:09,082 - INFO - [Rank 0] ========Training Loop===== took 223.4623 sec
2025-09-27 21:44:47,439 - INFO - 
Training finished
2025-09-27 21:44:47,445 - INFO - Namespace(data='data/output/split_data', epochs=1, batch_size=1024, hidden=96, lr=0.002, activation='relu', seed=123, sync_every=0, print_every=310, save_model='data/output/model/')
2025-09-27 21:44:47,445 - INFO - Epochs: 1, total iters: 3165
2025-09-27 21:44:47,445 - INFO - Training time (s): 223.465
2025-09-27 21:44:47,445 - INFO - RMSE train: 17.486019
2025-09-27 21:44:47,445 - INFO - RMSE test:  17.482813
2025-09-27 21:44:47,572 - INFO - Saved model to data/output/model/
2025-09-27 21:44:47,573 - INFO - [Rank 0] compute final RMSE on train and test in parallel took 38.4893 sec
2025-09-27 21:44:47,618 - INFO - 
Sample test predictions:
2025-09-27 21:44:47,626 - INFO - Features: [ 0.33675675 -0.047931    0.95787755  1.44044522 -0.43222795 -1.03536767
 -1.6781407  -0.4258944   2.86635465  0.22209333  1.6781407   0.50613722
 -0.49910154 -0.06728904  0.48432981 -0.44977276]
2025-09-27 21:44:47,626 - INFO -  Predicted total_amount: 12.28
2025-09-27 21:44:47,626 - INFO -  Actual total_amount:    31.56

2025-09-27 21:44:47,627 - INFO - Features: [-0.34680691 -0.83493607 -0.40495913  1.44044522 -0.43222795 -1.03536767
  0.59589741 -0.4258944  -0.34887507  0.22209333 -0.59589741  0.50613722
 -0.49910154 -0.06728904 -1.32605002  0.53209603]
2025-09-27 21:44:47,627 - INFO -  Predicted total_amount: 8.67
2025-09-27 21:44:47,627 - INFO -  Actual total_amount:    13.30

2025-09-27 21:44:47,628 - INFO - Features: [-0.4064467  -0.83493607 -0.59316674  1.44044522 -0.43222795 -1.03536767
  0.59589741 -0.4258944  -0.34887507  0.22209333 -0.59589741  0.50613722
 -0.49910154 -0.06728904  0.48432981 -0.44977276]
2025-09-27 21:44:47,628 - INFO -  Predicted total_amount: 8.80
2025-09-27 21:44:47,628 - INFO -  Actual total_amount:    13.56

2025-09-27 21:44:47,808 - INFO - [Rank 0] run training took 267.3359 sec
2025-09-27 21:44:47,811 - INFO - Saved training history.csv
