2025-09-26 01:44:32,789 - INFO - MPI world size: 8
2025-09-26 01:44:32,789 - INFO - Loading dataset from: $data/output/split_data
2025-09-26 01:44:32,789 - INFO - file_by_rank: data/output/split_data/to_8/part_0.csv
2025-09-26 01:44:35,016 - INFO - [Rank 0] reads the CSV and keeps rows by rank took 2.2271 sec
2025-09-26 01:44:35,786 - INFO - Length train_local: $3240444 test_local: $1388762
2025-09-26 01:44:35,786 - INFO - [Rank 0] split_for_training took 0.7700 sec
2025-09-26 01:44:36,237 - INFO - [Rank 0] normalize_train_test took 0.3949 sec
2025-09-26 01:44:36,237 - INFO - broadcast stats, X_cols, target to all ranks
2025-09-26 01:44:36,467 - INFO - apply normalization parameters to local partitions
2025-09-26 01:44:36,768 - INFO - Prepare local arrays
2025-09-26 01:44:37,097 - INFO - N_train_local 3240444
2025-09-26 01:44:37,376 - INFO - Global train size: 25923545, local sizes: 3240444
2025-09-26 01:44:37,448 - INFO - ========== Epoch 0 START
2025-09-26 01:44:47,652 - INFO - [Rank 0] Iter    310, epoch 0, local R(θ)=28.463256
2025-09-26 01:45:04,237 - INFO - [Rank 0] Iter    620, epoch 0, local R(θ)=14.639714
2025-09-26 01:45:17,752 - INFO - [Rank 0] Iter    930, epoch 0, local R(θ)=10.642254
2025-09-26 01:45:31,415 - INFO - [Rank 0] Iter   1240, epoch 0, local R(θ)=9.104221
2025-09-26 01:45:43,371 - INFO - [Rank 0] Iter   1550, epoch 0, local R(θ)=8.444325
2025-09-26 01:45:54,316 - INFO - [Rank 0] Iter   1860, epoch 0, local R(θ)=8.157506
2025-09-26 01:46:06,935 - INFO - [Rank 0] Iter   2170, epoch 0, local R(θ)=8.000521
2025-09-26 01:46:19,944 - INFO - [Rank 0] Iter   2480, epoch 0, local R(θ)=7.894660
2025-09-26 01:46:33,145 - INFO - [Rank 0] Iter   2790, epoch 0, local R(θ)=7.815837
2025-09-26 01:46:45,258 - INFO - [Rank 0] Iter   3100, epoch 0, local R(θ)=7.746891
2025-09-26 01:46:59,423 - INFO - Epoch 0 END, R(θ)=27.681820
2025-09-26 01:46:59,425 - INFO - [Rank 0] ========Training Loop===== took 142.0473 sec
2025-09-26 01:47:17,601 - INFO - 
Training finished
2025-09-26 01:47:17,610 - INFO - Namespace(data='data/output/split_data', epochs=1, batch_size=1024, hidden=64, lr=0.002, activation='sigmoid', seed=123, sync_every=0, print_every=310, save_model='data/output/model/')
2025-09-26 01:47:17,610 - INFO - Epochs: 1, total iters: 3165
2025-09-26 01:47:17,610 - INFO - Training time (s): 142.051
2025-09-26 01:47:17,610 - INFO - RMSE train: 7.440675
2025-09-26 01:47:17,610 - INFO - RMSE test:  7.447601
2025-09-26 01:47:17,685 - INFO - Saved model to data/output/model/
2025-09-26 01:47:17,685 - INFO - [Rank 0] compute final RMSE on train and test in parallel took 18.2558 sec
2025-09-26 01:47:17,763 - INFO - 
Sample test predictions:
2025-09-26 01:47:17,770 - INFO - Features: [ 0.33675675 -0.047931    0.95787755  1.44044522 -0.43222795 -1.03536767
 -1.6781407  -0.4258944   2.86635465  0.22209333  1.6781407   0.50613722
 -0.49910154 -0.06728904  0.48432981 -0.44977276]
2025-09-26 01:47:17,770 - INFO -  Predicted total_amount: 32.90
2025-09-26 01:47:17,771 - INFO -  Actual total_amount:    31.56

2025-09-26 01:47:17,771 - INFO - Features: [-0.34680691 -0.83493607 -0.40495913  1.44044522 -0.43222795 -1.03536767
  0.59589741 -0.4258944  -0.34887507  0.22209333 -0.59589741  0.50613722
 -0.49910154 -0.06728904 -1.32605002  0.53209603]
2025-09-26 01:47:17,771 - INFO -  Predicted total_amount: 21.52
2025-09-26 01:47:17,771 - INFO -  Actual total_amount:    13.30

2025-09-26 01:47:17,771 - INFO - Features: [-0.4064467  -0.83493607 -0.59316674  1.44044522 -0.43222795 -1.03536767
  0.59589741 -0.4258944  -0.34887507  0.22209333 -0.59589741  0.50613722
 -0.49910154 -0.06728904  0.48432981 -0.44977276]
2025-09-26 01:47:17,771 - INFO -  Predicted total_amount: 20.98
2025-09-26 01:47:17,771 - INFO -  Actual total_amount:    13.56

2025-09-26 01:47:17,952 - INFO - [Rank 0] run training took 165.1613 sec
2025-09-26 01:47:17,955 - INFO - Saved training history.csv
