2025-09-27 21:05:55,522 - INFO - MPI world size: 8
2025-09-27 21:05:55,523 - INFO - Loading dataset from: $data/output/split_data
2025-09-27 21:05:55,523 - INFO - file_by_rank: data/output/split_data/to_8/part_0.csv
2025-09-27 21:05:57,818 - INFO - [Rank 0] reads the CSV and keeps rows by rank took 2.2954 sec
2025-09-27 21:05:58,589 - INFO - Length train_local: $3240444 test_local: $1388762
2025-09-27 21:05:58,589 - INFO - [Rank 0] split_for_training took 0.7709 sec
2025-09-27 21:05:59,021 - INFO - [Rank 0] normalize_train_test took 0.3912 sec
2025-09-27 21:05:59,021 - INFO - broadcast stats, X_cols, target to all ranks
2025-09-27 21:05:59,312 - INFO - apply normalization parameters to local partitions
2025-09-27 21:05:59,598 - INFO - Prepare local arrays
2025-09-27 21:05:59,924 - INFO - N_train_local 3240444
2025-09-27 21:06:00,200 - INFO - Global train size: 25923545, local sizes: 3240444
2025-09-27 21:06:00,277 - INFO - ========== Epoch 0 START
2025-09-27 21:06:05,266 - INFO - [Rank 0] Iter    625, epoch 0, local R(θ)=10.217946
2025-09-27 21:06:14,941 - INFO - [Rank 0] Iter   1250, epoch 0, local R(θ)=8.691088
2025-09-27 21:06:18,850 - INFO - [Rank 0] Iter   1875, epoch 0, local R(θ)=8.034294
2025-09-27 21:06:23,240 - INFO - [Rank 0] Iter   2500, epoch 0, local R(θ)=7.682695
2025-09-27 21:06:24,884 - INFO - [Rank 0] Iter   3125, epoch 0, local R(θ)=7.472123
2025-09-27 21:06:38,407 - INFO - Epoch 0 END, R(θ)=133.951724
2025-09-27 21:06:38,480 - INFO - ========== Epoch 1 START
2025-09-27 21:06:48,707 - INFO - [Rank 0] Iter   3750, epoch 1, local R(θ)=8.789116
2025-09-27 21:06:58,965 - INFO - [Rank 0] Iter   4375, epoch 1, local R(θ)=8.094073
2025-09-27 21:07:07,216 - INFO - [Rank 0] Iter   5000, epoch 1, local R(θ)=7.719258
2025-09-27 21:07:15,884 - INFO - [Rank 0] Iter   5625, epoch 1, local R(θ)=7.507986
2025-09-27 21:07:17,304 - INFO - [Rank 0] Iter   6250, epoch 1, local R(θ)=7.392490
2025-09-27 21:07:26,508 - INFO - Epoch 1 END, R(θ)=7.385550
2025-09-27 21:07:26,585 - INFO - ========== Epoch 2 START
2025-09-27 21:07:36,416 - INFO - [Rank 0] Iter   6875, epoch 2, local R(θ)=7.313896
2025-09-27 21:07:44,081 - INFO - [Rank 0] Iter   7500, epoch 2, local R(θ)=7.234361
2025-09-27 21:07:51,921 - INFO - [Rank 0] Iter   8125, epoch 2, local R(θ)=7.191559
2025-09-27 21:07:58,563 - INFO - [Rank 0] Iter   8750, epoch 2, local R(θ)=7.180346
2025-09-27 21:08:04,278 - INFO - [Rank 0] Iter   9375, epoch 2, local R(θ)=7.125095
2025-09-27 21:08:11,999 - INFO - Epoch 2 END, R(θ)=7.117494
2025-09-27 21:08:12,001 - INFO - [Rank 0] ========Training Loop===== took 131.8010 sec
2025-09-27 21:08:22,572 - INFO - 
Training finished
2025-09-27 21:08:22,577 - INFO - Namespace(data='data/output/split_data', epochs=3, batch_size=1024, hidden=64, lr=0.002, activation='relu', seed=123, sync_every=0, print_every=625, save_model='data/output/model/')
2025-09-27 21:08:22,577 - INFO - Epochs: 3, total iters: 9495
2025-09-27 21:08:22,577 - INFO - Training time (s): 131.808
2025-09-27 21:08:22,577 - INFO - RMSE train: 3.772928
2025-09-27 21:08:22,577 - INFO - RMSE test:  3.780973
2025-09-27 21:08:22,647 - INFO - Saved model to data/output/model/
2025-09-27 21:08:22,648 - INFO - [Rank 0] compute final RMSE on train and test in parallel took 10.6400 sec
2025-09-27 21:08:22,671 - INFO - 
Sample test predictions:
2025-09-27 21:08:22,680 - INFO - Features: [ 0.33675675 -0.047931    0.95787755  1.44044522 -0.43222795 -1.03536767
 -1.6781407  -0.4258944   2.86635465  0.22209333  1.6781407   0.50613722
 -0.49910154 -0.06728904  0.48432981 -0.44977276]
2025-09-27 21:08:22,680 - INFO -  Predicted total_amount: 30.67
2025-09-27 21:08:22,680 - INFO -  Actual total_amount:    31.56

2025-09-27 21:08:22,680 - INFO - Features: [-0.34680691 -0.83493607 -0.40495913  1.44044522 -0.43222795 -1.03536767
  0.59589741 -0.4258944  -0.34887507  0.22209333 -0.59589741  0.50613722
 -0.49910154 -0.06728904 -1.32605002  0.53209603]
2025-09-27 21:08:22,680 - INFO -  Predicted total_amount: 15.60
2025-09-27 21:08:22,680 - INFO -  Actual total_amount:    13.30

2025-09-27 21:08:22,680 - INFO - Features: [-0.4064467  -0.83493607 -0.59316674  1.44044522 -0.43222795 -1.03536767
  0.59589741 -0.4258944  -0.34887507  0.22209333 -0.59589741  0.50613722
 -0.49910154 -0.06728904  0.48432981 -0.44977276]
2025-09-27 21:08:22,680 - INFO -  Predicted total_amount: 13.93
2025-09-27 21:08:22,680 - INFO -  Actual total_amount:    13.56

2025-09-27 21:08:22,858 - INFO - [Rank 0] run training took 147.3362 sec
2025-09-27 21:08:22,862 - INFO - Saved training history.csv
