2025-09-26 01:16:58,512 - INFO - MPI world size: 8
2025-09-26 01:16:58,512 - INFO - Loading dataset from: $data/output/split_data
2025-09-26 01:16:58,513 - INFO - file_by_rank: data/output/split_data/to_8/part_0.csv
2025-09-26 01:17:00,810 - INFO - [Rank 0] reads the CSV and keeps rows by rank took 2.2977 sec
2025-09-26 01:17:01,549 - INFO - Length train_local: $3240444 test_local: $1388762
2025-09-26 01:17:01,549 - INFO - [Rank 0] split_for_training took 0.7390 sec
2025-09-26 01:17:02,076 - INFO - [Rank 0] normalize_train_test took 0.4649 sec
2025-09-26 01:17:02,076 - INFO - broadcast stats, X_cols, target to all ranks
2025-09-26 01:17:03,027 - INFO - apply normalization parameters to local partitions
2025-09-26 01:17:03,312 - INFO - Prepare local arrays
2025-09-26 01:17:03,644 - INFO - N_train_local 3240444
2025-09-26 01:17:04,216 - INFO - Global train size: 25923545, local sizes: 3240444
2025-09-26 01:17:04,291 - INFO - ========== Epoch 0 START
2025-09-26 01:17:08,956 - INFO - [Rank 0] Iter    310, epoch 0, local R(θ)=12.377288
2025-09-26 01:17:18,278 - INFO - [Rank 0] Iter    620, epoch 0, local R(θ)=10.239742
2025-09-26 01:17:25,713 - INFO - [Rank 0] Iter    930, epoch 0, local R(θ)=9.263220
2025-09-26 01:17:33,071 - INFO - [Rank 0] Iter   1240, epoch 0, local R(θ)=8.698991
2025-09-26 01:17:40,103 - INFO - [Rank 0] Iter   1550, epoch 0, local R(θ)=8.326568
2025-09-26 01:17:49,552 - INFO - [Rank 0] Iter   1860, epoch 0, local R(θ)=8.045514
2025-09-26 01:17:56,218 - INFO - [Rank 0] Iter   2170, epoch 0, local R(θ)=7.869802
2025-09-26 01:18:01,956 - INFO - [Rank 0] Iter   2480, epoch 0, local R(θ)=7.696306
2025-09-26 01:18:03,932 - INFO - [Rank 0] Iter   2790, epoch 0, local R(θ)=7.571086
2025-09-26 01:18:05,117 - INFO - [Rank 0] Iter   3100, epoch 0, local R(θ)=7.472262
2025-09-26 01:18:11,701 - INFO - Epoch 0 END, R(θ)=133.951724
2025-09-26 01:18:11,702 - INFO - [Rank 0] ========Training Loop===== took 67.4855 sec
2025-09-26 01:18:23,539 - INFO - 
Training finished
2025-09-26 01:18:23,549 - INFO - Namespace(data='data/output/split_data', epochs=1, batch_size=1024, hidden=64, lr=0.002, activation='relu', seed=123, sync_every=0, print_every=310, save_model='data/output/model/')
2025-09-26 01:18:23,549 - INFO - Epochs: 1, total iters: 3165
2025-09-26 01:18:23,551 - INFO - Training time (s): 67.488
2025-09-26 01:18:23,553 - INFO - RMSE train: 16.367756
2025-09-26 01:18:23,567 - INFO - RMSE test:  16.365548
2025-09-26 01:18:23,613 - INFO - Saved model to data/output/model/
2025-09-26 01:18:23,614 - INFO - [Rank 0] compute final RMSE on train and test in parallel took 11.9097 sec
2025-09-26 01:18:23,641 - INFO - 
Sample test predictions:
2025-09-26 01:18:23,647 - INFO - Features: [ 0.33675675 -0.047931    0.95787755  1.44044522 -0.43222795 -1.03536767
 -1.6781407  -0.4258944   2.86635465  0.22209333  1.6781407   0.50613722
 -0.49910154 -0.06728904  0.48432981 -0.44977276]
2025-09-26 01:18:23,647 - INFO -  Predicted total_amount: 13.77
2025-09-26 01:18:23,647 - INFO -  Actual total_amount:    31.56

2025-09-26 01:18:23,647 - INFO - Features: [-0.34680691 -0.83493607 -0.40495913  1.44044522 -0.43222795 -1.03536767
  0.59589741 -0.4258944  -0.34887507  0.22209333 -0.59589741  0.50613722
 -0.49910154 -0.06728904 -1.32605002  0.53209603]
2025-09-26 01:18:23,647 - INFO -  Predicted total_amount: 10.38
2025-09-26 01:18:23,647 - INFO -  Actual total_amount:    13.30

2025-09-26 01:18:23,647 - INFO - Features: [-0.4064467  -0.83493607 -0.59316674  1.44044522 -0.43222795 -1.03536767
  0.59589741 -0.4258944  -0.34887507  0.22209333 -0.59589741  0.50613722
 -0.49910154 -0.06728904  0.48432981 -0.44977276]
2025-09-26 01:18:23,648 - INFO -  Predicted total_amount: 10.30
2025-09-26 01:18:23,648 - INFO -  Actual total_amount:    13.56

2025-09-26 01:18:23,829 - INFO - [Rank 0] run training took 85.3176 sec
2025-09-26 01:18:23,831 - INFO - Saved training history.csv
