2025-09-26 01:09:06,807 - INFO - MPI world size: 8
2025-09-26 01:09:06,807 - INFO - Loading dataset from: $data/output/split_data
2025-09-26 01:09:06,807 - INFO - file_by_rank: data/output/split_data/to_8/part_0.csv
2025-09-26 01:09:09,093 - INFO - [Rank 0] reads the CSV and keeps rows by rank took 2.2857 sec
2025-09-26 01:09:09,872 - INFO - Length train_local: $3240444 test_local: $1388762
2025-09-26 01:09:09,873 - INFO - [Rank 0] split_for_training took 0.7798 sec
2025-09-26 01:09:10,318 - INFO - [Rank 0] normalize_train_test took 0.4015 sec
2025-09-26 01:09:10,318 - INFO - broadcast stats, X_cols, target to all ranks
2025-09-26 01:09:11,499 - INFO - apply normalization parameters to local partitions
2025-09-26 01:09:11,795 - INFO - Prepare local arrays
2025-09-26 01:09:12,114 - INFO - N_train_local 3240444
2025-09-26 01:09:13,090 - INFO - Global train size: 25923545, local sizes: 3240444
2025-09-26 01:09:13,155 - INFO - ========== Epoch 0 START
2025-09-26 01:09:18,600 - INFO - [Rank 0] Iter   1250, epoch 0, local R(θ)=8.665375
2025-09-26 01:09:28,058 - INFO - [Rank 0] Iter   2500, epoch 0, local R(θ)=7.695323
2025-09-26 01:09:35,158 - INFO - [Rank 0] Iter   3750, epoch 0, local R(θ)=7.310352
2025-09-26 01:09:44,058 - INFO - [Rank 0] Iter   5000, epoch 0, local R(θ)=7.133391
2025-09-26 01:09:50,521 - INFO - [Rank 0] Iter   6250, epoch 0, local R(θ)=7.012334
2025-09-26 01:09:57,363 - INFO - [Rank 0] Iter   7500, epoch 0, local R(θ)=6.920227
2025-09-26 01:10:00,136 - INFO - [Rank 0] Iter   8750, epoch 0, local R(θ)=6.848725
2025-09-26 01:10:05,687 - INFO - [Rank 0] Iter  10000, epoch 0, local R(θ)=6.764488
2025-09-26 01:10:11,244 - INFO - [Rank 0] Iter  11250, epoch 0, local R(θ)=6.730010
2025-09-26 01:10:13,332 - INFO - [Rank 0] Iter  12500, epoch 0, local R(θ)=6.671824
2025-09-26 01:10:21,640 - INFO - Epoch 0 END, R(θ)=133.945802
2025-09-26 01:10:21,641 - INFO - [Rank 0] ========Training Loop===== took 68.5522 sec
2025-09-26 01:10:30,060 - INFO - 
Training finished
2025-09-26 01:10:30,063 - INFO - Namespace(data='data/output/split_data', epochs=1, batch_size=256, hidden=64, lr=0.002, activation='relu', seed=123, sync_every=0, print_every=1250, save_model='data/output/model/')
2025-09-26 01:10:30,063 - INFO - Epochs: 1, total iters: 12658
2025-09-26 01:10:30,063 - INFO - Training time (s): 68.555
2025-09-26 01:10:30,063 - INFO - RMSE train: 16.367395
2025-09-26 01:10:30,063 - INFO - RMSE test:  16.364344
2025-09-26 01:10:30,127 - INFO - Saved model to data/output/model/
2025-09-26 01:10:30,128 - INFO - [Rank 0] compute final RMSE on train and test in parallel took 8.4836 sec
2025-09-26 01:10:30,157 - INFO - 
Sample test predictions:
2025-09-26 01:10:30,162 - INFO - Features: [ 0.33675675 -0.047931    0.95787755  1.44044522 -0.43222795 -1.03536767
 -1.6781407  -0.4258944   2.86635465  0.22209333  1.6781407   0.50613722
 -0.49910154 -0.06728904  0.48432981 -0.44977276]
2025-09-26 01:10:30,162 - INFO -  Predicted total_amount: 14.57
2025-09-26 01:10:30,162 - INFO -  Actual total_amount:    31.56

2025-09-26 01:10:30,162 - INFO - Features: [-0.34680691 -0.83493607 -0.40495913  1.44044522 -0.43222795 -1.03536767
  0.59589741 -0.4258944  -0.34887507  0.22209333 -0.59589741  0.50613722
 -0.49910154 -0.06728904 -1.32605002  0.53209603]
2025-09-26 01:10:30,162 - INFO -  Predicted total_amount: 12.33
2025-09-26 01:10:30,163 - INFO -  Actual total_amount:    13.30

2025-09-26 01:10:30,163 - INFO - Features: [-0.4064467  -0.83493607 -0.59316674  1.44044522 -0.43222795 -1.03536767
  0.59589741 -0.4258944  -0.34887507  0.22209333 -0.59589741  0.50613722
 -0.49910154 -0.06728904  0.48432981 -0.44977276]
2025-09-26 01:10:30,163 - INFO -  Predicted total_amount: 12.03
2025-09-26 01:10:30,163 - INFO -  Actual total_amount:    13.56

2025-09-26 01:10:30,337 - INFO - [Rank 0] run training took 83.5315 sec
2025-09-26 01:10:30,339 - INFO - Saved training history.csv
